{
  "RSpec": {
    "coverage": {
      "/Users/mikey/roobee/ConOnRails/app/models/convention.rb": [
        1,
        1,
        35,
        9,
        null,
        null,
        null,
        null,
        null,
        1,
        1,
        null,
        1,
        1,
        1,
        null,
        1,
        1339,
        null,
        null
      ],
      "/Users/mikey/roobee/ConOnRails/app/models/duty_board_group.rb": [
        null,
        null,
        null,
        null,
        null,
        null,
        null,
        null,
        null,
        null,
        null,
        null,
        1,
        1,
        null,
        1,
        1,
        null,
        2,
        1,
        1,
        1,
        1,
        1,
        1,
        null,
        1,
        4,
        null,
        null,
        1,
        7,
        null,
        null
      ],
      "/Users/mikey/roobee/ConOnRails/app/helpers/admin_helper.rb": [
        1,
        null
      ],
      "/Users/mikey/roobee/ConOnRails/app/helpers/application_helper.rb": [
        1,
        null,
        1,
        258,
        7,
        null,
        null,
        null,
        1,
        514,
        null,
        null,
        1,
        514,
        null,
        null,
        1,
        512,
        null,
        null,
        1,
        256,
        256,
        256,
        256,
        null,
        256,
        null,
        null,
        1,
        249,
        249,
        null,
        249,
        null,
        null,
        1,
        0,
        0,
        null,
        0,
        null,
        null,
        null,
        1,
        260,
        260,
        244,
        null,
        null,
        1,
        null,
        60,
        null,
        null,
        1,
        1689,
        null,
        null,
        1,
        null,
        null,
        null,
        null
      ],
      "/Users/mikey/roobee/ConOnRails/app/helpers/audit_helper.rb": [
        1,
        null
      ],
      "/Users/mikey/roobee/ConOnRails/app/helpers/con_on_rails_helper.rb": [
        1,
        null
      ],
      "/Users/mikey/roobee/ConOnRails/app/helpers/contacts_helper.rb": [
        1,
        null
      ],
      "/Users/mikey/roobee/ConOnRails/app/helpers/conventions_helper.rb": [
        1,
        1,
        3,
        null,
        null,
        null,
        0,
        132,
        null,
        null
      ],
      "/Users/mikey/roobee/ConOnRails/app/helpers/departments_helper.rb": [
        1,
        null
      ],
      "/Users/mikey/roobee/ConOnRails/app/helpers/duty_board_helper.rb": [
        1,
        null
      ],
      "/Users/mikey/roobee/ConOnRails/app/helpers/duty_board_groups_helper.rb": [
        1,
        null
      ],
      "/Users/mikey/roobee/ConOnRails/app/helpers/duty_board_slots_helper.rb": [
        1,
        null
      ],
      "/Users/mikey/roobee/ConOnRails/app/helpers/events_helper.rb": [
        1,
        1,
        0,
        null,
        null,
        1,
        0,
        null,
        null,
        null,
        null,
        null,
        1,
        0,
        null,
        0,
        null,
        0,
        null,
        0,
        null,
        0,
        null,
        null,
        null,
        null,
        1,
        0,
        null,
        null,
        0,
        null,
        null,
        null,
        null,
        null,
        1,
        0,
        0,
        null,
        null,
        1,
        0,
        null,
        null,
        1,
        0,
        null,
        null,
        1,
        42,
        42,
        42,
        42,
        42,
        42,
        null,
        null,
        1,
        42,
        42,
        42,
        42,
        42,
        42,
        null,
        null
      ],
      "/Users/mikey/roobee/ConOnRails/app/helpers/login_log_helper.rb": [
        1,
        null
      ],
      "/Users/mikey/roobee/ConOnRails/app/helpers/lost_and_found_helper.rb": [
        1,
        null
      ],
      "/Users/mikey/roobee/ConOnRails/app/helpers/lost_and_found_items_helper.rb": [
        1,
        1,
        20,
        20,
        null,
        null
      ],
      "/Users/mikey/roobee/ConOnRails/app/helpers/messages_helper.rb": [
        1,
        null
      ],
      "/Users/mikey/roobee/ConOnRails/app/helpers/radio_admin_helper.rb": [
        1,
        null
      ],
      "/Users/mikey/roobee/ConOnRails/app/helpers/radio_assignment_audits_helper.rb": [
        1,
        null
      ],
      "/Users/mikey/roobee/ConOnRails/app/helpers/radio_assignments_helper.rb": [
        1,
        null
      ],
      "/Users/mikey/roobee/ConOnRails/app/helpers/radio_groups_helper.rb": [
        1,
        null
      ],
      "/Users/mikey/roobee/ConOnRails/app/helpers/radios_helper.rb": [
        1,
        null
      ],
      "/Users/mikey/roobee/ConOnRails/app/helpers/roles_helper.rb": [
        1,
        1,
        0,
        0,
        null,
        0,
        null,
        null,
        null
      ],
      "/Users/mikey/roobee/ConOnRails/app/helpers/sessions_helper.rb": [
        1,
        null
      ],
      "/Users/mikey/roobee/ConOnRails/app/helpers/users_helper.rb": [
        1,
        null
      ],
      "/Users/mikey/roobee/ConOnRails/app/helpers/volunteer_trainings_helper.rb": [
        1,
        null
      ],
      "/Users/mikey/roobee/ConOnRails/app/helpers/volunteers_helper.rb": [
        1,
        1,
        65,
        4,
        null,
        61,
        null,
        null,
        null
      ],
      "/Users/mikey/roobee/ConOnRails/app/helpers/vsps_helper.rb": [
        1,
        null
      ],
      "/Users/mikey/roobee/ConOnRails/app/models/vsp.rb": [
        1,
        1,
        null,
        1,
        null,
        5,
        5,
        null,
        1,
        0,
        null,
        null
      ],
      "/Users/mikey/roobee/ConOnRails/app/controllers/admin_controller.rb": [
        1,
        1,
        null,
        1,
        1,
        null,
        null,
        null
      ],
      "/Users/mikey/roobee/ConOnRails/app/controllers/application_controller.rb": [
        1,
        1,
        null,
        1,
        null,
        1,
        0,
        null,
        null,
        1,
        null,
        1,
        6280,
        6193,
        null,
        87,
        null,
        null,
        null,
        1,
        250,
        250,
        250,
        250,
        null,
        250,
        null,
        null,
        1,
        49,
        null,
        null,
        1,
        18,
        null,
        null,
        1,
        16,
        null,
        null,
        1,
        12,
        null,
        null,
        1,
        0,
        null,
        null,
        1,
        13,
        null,
        null,
        1,
        3,
        null,
        null,
        1,
        37,
        null,
        null,
        1,
        6,
        null,
        null,
        1,
        427,
        null,
        null,
        1,
        4797,
        4745,
        null,
        null,
        null,
        null,
        null,
        1,
        294,
        null,
        null,
        1,
        128,
        null,
        4,
        8,
        null,
        null,
        1,
        null
      ],
      "/Users/mikey/roobee/ConOnRails/app/models/user.rb": [
        null,
        null,
        null,
        null,
        null,
        null,
        null,
        null,
        null,
        null,
        null,
        null,
        1,
        1,
        null,
        1,
        null,
        1,
        1,
        null,
        1,
        1,
        null,
        1,
        null,
        null,
        null,
        null,
        1,
        null,
        null,
        1,
        1,
        null,
        null,
        null,
        null,
        1,
        2312,
        2312,
        1845,
        1002,
        null,
        null,
        2312,
        null,
        null,
        1,
        null,
        250,
        null,
        null,
        null,
        null,
        1,
        61,
        null,
        null,
        1,
        551,
        null,
        1,
        null,
        1,
        112,
        null,
        1,
        null,
        1,
        254,
        null,
        null,
        1,
        18,
        null,
        null,
        1,
        263,
        null,
        null,
        1,
        26,
        null,
        null,
        1,
        54,
        null,
        null,
        1,
        14,
        null,
        null,
        1,
        3,
        null,
        null,
        1,
        67,
        null,
        null,
        1,
        184,
        null,
        1,
        null,
        1,
        6,
        null,
        null
      ],
      "/Users/mikey/roobee/ConOnRails/app/models/role.rb": [
        null,
        null,
        null,
        null,
        null,
        null,
        null,
        null,
        null,
        null,
        null,
        null,
        null,
        null,
        null,
        null,
        null,
        null,
        null,
        null,
        null,
        null,
        null,
        null,
        1,
        1,
        null,
        1,
        null,
        1,
        null,
        1,
        null,
        null,
        null,
        null,
        null,
        null,
        null
      ],
      "/Users/mikey/roobee/ConOnRails/app/models/event.rb": [
        null,
        null,
        null,
        null,
        null,
        null,
        null,
        null,
        null,
        null,
        null,
        null,
        null,
        null,
        null,
        null,
        null,
        null,
        null,
        null,
        null,
        null,
        null,
        null,
        null,
        null,
        null,
        null,
        null,
        1,
        null,
        null,
        1,
        1,
        1,
        null,
        1,
        null,
        1,
        null,
        408,
        49,
        1,
        1,
        null,
        1,
        null,
        1,
        null,
        null,
        null,
        null,
        25,
        null,
        1,
        112,
        224,
        null,
        null,
        1,
        40,
        1339,
        null,
        1,
        1,
        null,
        1,
        null,
        null,
        12,
        null,
        null,
        1,
        5,
        null,
        5,
        5,
        null,
        null,
        5,
        5,
        5,
        5,
        5,
        null,
        null,
        1,
        112,
        null,
        null,
        1,
        112,
        null,
        null,
        1,
        1012,
        null,
        null,
        1,
        2,
        null,
        null,
        1,
        1512,
        null,
        null,
        1,
        1488,
        null,
        null,
        1,
        null,
        5,
        5,
        5,
        5,
        null,
        null,
        1,
        8,
        72,
        null,
        72,
        null,
        5,
        null,
        null,
        1,
        23,
        437,
        437,
        null,
        null,
        null,
        1,
        10,
        190,
        null,
        null,
        null,
        1,
        10,
        10,
        10,
        null,
        null,
        null,
        1,
        11,
        209,
        209,
        null,
        null,
        null,
        1,
        10,
        14,
        14,
        14,
        null,
        null,
        null,
        1,
        218,
        218,
        1,
        null,
        null,
        1,
        15,
        null,
        1,
        1,
        null,
        3,
        3,
        null,
        10,
        10,
        null,
        1,
        null,
        null,
        null,
        1,
        10,
        10,
        null,
        null,
        1,
        27,
        null,
        null,
        1,
        300,
        null,
        null,
        1,
        null,
        null,
        null
      ],
      "/Users/mikey/roobee/ConOnRails/app/queries/event_queries.rb": [
        1,
        null,
        1,
        1,
        1,
        null,
        1,
        68,
        19,
        49,
        47,
        2,
        2,
        2,
        4,
        null,
        null,
        null,
        null,
        1,
        1,
        11,
        null,
        null,
        null,
        1,
        1,
        6,
        null,
        null,
        null,
        1,
        1,
        2,
        null,
        null,
        null,
        1,
        1,
        100,
        100,
        null,
        null,
        1,
        200,
        null,
        null,
        1,
        1,
        94,
        100,
        100,
        100,
        null,
        null,
        1,
        98,
        30,
        0,
        null,
        68,
        null,
        null,
        null,
        null
      ],
      "/Users/mikey/roobee/ConOnRails/app/queries/query.rb": [
        1,
        1,
        1,
        null,
        1,
        119,
        null,
        null,
        null
      ],
      "/Users/mikey/roobee/ConOnRails/app/models/message.rb": [
        null,
        null,
        null,
        null,
        null,
        null,
        null,
        null,
        null,
        null,
        null,
        null,
        null,
        null,
        null,
        null,
        1,
        1,
        null,
        1,
        null,
        1,
        1,
        1,
        null,
        null,
        null,
        1,
        1010,
        null,
        null,
        null
      ],
      "/Users/mikey/roobee/ConOnRails/app/models/attendee.rb": [
        null,
        null,
        null,
        null,
        null,
        null,
        null,
        null,
        null,
        null,
        null,
        null,
        null,
        null,
        null,
        null,
        null,
        null,
        null,
        null,
        null,
        null,
        null,
        null,
        null,
        1,
        1,
        null,
        1,
        1,
        null,
        1,
        1,
        null,
        1,
        1,
        null,
        null
      ],
      "/Users/mikey/roobee/ConOnRails/app/controllers/audits_controller.rb": [
        1,
        1,
        null,
        1,
        1,
        0,
        null,
        null,
        null,
        null,
        null,
        null,
        1,
        null,
        1,
        null,
        null,
        1,
        1,
        1,
        1,
        1,
        1,
        null,
        1,
        1,
        1,
        null,
        1,
        null,
        1,
        null,
        null,
        null
      ],
      "/Users/mikey/roobee/ConOnRails/app/models/audit.rb": [
        null,
        null,
        null,
        null,
        null,
        null,
        null,
        null,
        null,
        null,
        null,
        null,
        null,
        null,
        null,
        null,
        null,
        null,
        null,
        null,
        1,
        null
      ],
      "/Users/mikey/roobee/ConOnRails/app/models/contact.rb": [
        null,
        null,
        null,
        null,
        null,
        null,
        null,
        null,
        null,
        null,
        null,
        null,
        null,
        null,
        null,
        null,
        1,
        1,
        null,
        null,
        1,
        null,
        null,
        1,
        null
      ],
      "/Users/mikey/roobee/ConOnRails/app/controllers/contacts_controller.rb": [
        1,
        1,
        1,
        1,
        null,
        1,
        null,
        null,
        null,
        1,
        null,
        null,
        null,
        null,
        1,
        null,
        null,
        null,
        null,
        1,
        1,
        null,
        null,
        null,
        1,
        null,
        null,
        null,
        null,
        1,
        2,
        2,
        2,
        null,
        null,
        null,
        null,
        1,
        2,
        2,
        null,
        null,
        1,
        null,
        1,
        2,
        2,
        null,
        null,
        1,
        5,
        null,
        null,
        1,
        4,
        null,
        null,
        null
      ],
      "/Users/mikey/roobee/ConOnRails/app/controllers/conventions_controller.rb": [
        1,
        1,
        null,
        1,
        1,
        1,
        1,
        null,
        null,
        null,
        1,
        2,
        null,
        null,
        null,
        null,
        1,
        2,
        2,
        null,
        null,
        null,
        null,
        1,
        2,
        2,
        null,
        null,
        1,
        null,
        1,
        1,
        1,
        1,
        null,
        null,
        1,
        6,
        null,
        null,
        1,
        2,
        null,
        null,
        1,
        4,
        null,
        null,
        null
      ],
      "/Users/mikey/roobee/ConOnRails/app/models/department.rb": [
        null,
        null,
        null,
        null,
        null,
        null,
        null,
        null,
        null,
        null,
        null,
        null,
        null,
        1,
        1,
        null,
        null,
        1,
        1,
        1,
        1,
        null,
        1,
        null
      ],
      "/Users/mikey/roobee/ConOnRails/app/models/volunteer.rb": [
        null,
        null,
        null,
        null,
        null,
        null,
        null,
        null,
        null,
        null,
        null,
        null,
        null,
        null,
        null,
        null,
        null,
        null,
        null,
        null,
        null,
        null,
        null,
        null,
        1,
        1,
        null,
        1,
        null,
        1,
        1,
        1,
        1,
        null,
        1,
        1,
        1,
        null,
        null,
        1,
        1,
        1,
        3,
        1,
        null,
        1,
        null,
        null,
        null,
        null,
        1,
        11,
        11,
        22,
        null,
        null,
        1,
        null,
        1,
        null,
        167,
        null,
        8,
        null,
        null,
        null
      ],
      "/Users/mikey/roobee/ConOnRails/app/models/volunteer_training.rb": [
        null,
        null,
        null,
        null,
        null,
        null,
        null,
        null,
        null,
        null,
        null,
        null,
        null,
        null,
        null,
        null,
        null,
        null,
        null,
        1,
        1,
        1,
        null
      ],
      "/Users/mikey/roobee/ConOnRails/app/controllers/departments_controller.rb": [
        1,
        1,
        1,
        1,
        null,
        1,
        null,
        null,
        null,
        1,
        1,
        null,
        null,
        null,
        null,
        1,
        1,
        1,
        1,
        null,
        null,
        null,
        null,
        1,
        1,
        1,
        null,
        null,
        null,
        null,
        1,
        1,
        1,
        null,
        null,
        1,
        null,
        1,
        1,
        1,
        null,
        null,
        1,
        4,
        null,
        null,
        1,
        2,
        null,
        null
      ],
      "/Users/mikey/roobee/ConOnRails/app/models/duty_board_assignment.rb": [
        null,
        null,
        null,
        null,
        null,
        null,
        null,
        null,
        null,
        null,
        null,
        null,
        null,
        1,
        1,
        null,
        1,
        1,
        1,
        1,
        null
      ],
      "/Users/mikey/roobee/ConOnRails/app/models/duty_board_slot.rb": [
        null,
        null,
        null,
        null,
        null,
        null,
        null,
        null,
        null,
        null,
        null,
        1,
        1,
        null,
        1,
        1,
        1,
        1,
        1,
        null
      ],
      "/Users/mikey/roobee/ConOnRails/app/controllers/duty_board_controller.rb": [
        1,
        null,
        null,
        null,
        1,
        null,
        1,
        null,
        1,
        1,
        null,
        null,
        null,
        1,
        1,
        1,
        null,
        null,
        null
      ],
      "/Users/mikey/roobee/ConOnRails/app/controllers/duty_board_groups_controller.rb": [
        1,
        1,
        null,
        1,
        null,
        1,
        1,
        null,
        null,
        1,
        1,
        null,
        null,
        1,
        1,
        1,
        1,
        null,
        null,
        1,
        1,
        null,
        null,
        1,
        1,
        1,
        1,
        null,
        null,
        1,
        1,
        1,
        1,
        null,
        null,
        1,
        null,
        1,
        2,
        null,
        null,
        null
      ],
      "/Users/mikey/roobee/ConOnRails/app/controllers/duty_board_slots_controller.rb": [
        1,
        1,
        1,
        null,
        1,
        null,
        null,
        null,
        1,
        1,
        null,
        null,
        null,
        null,
        1,
        1,
        null,
        null,
        null,
        null,
        1,
        1,
        null,
        null,
        null,
        1,
        1,
        null,
        null,
        null,
        null,
        1,
        1,
        1,
        1,
        null,
        null,
        null,
        null,
        1,
        3,
        null,
        3,
        3,
        3,
        2,
        1,
        null,
        1,
        1,
        null,
        2,
        null,
        1,
        null,
        null,
        null,
        null,
        null,
        null,
        1,
        1,
        null,
        1,
        0,
        null,
        null,
        1,
        2,
        null,
        null,
        null,
        null,
        null,
        1,
        1,
        1,
        null,
        1,
        2,
        1,
        null,
        null,
        null,
        1,
        null,
        1,
        4,
        null,
        null,
        1,
        2,
        null,
        null
      ],
      "/Users/mikey/roobee/ConOnRails/app/models/entry.rb": [
        null,
        null,
        null,
        null,
        null,
        null,
        null,
        null,
        null,
        null,
        null,
        null,
        null,
        1,
        1,
        null,
        1,
        1,
        null,
        1,
        1,
        1,
        null
      ],
      "/Users/mikey/roobee/ConOnRails/app/models/event_flag_history.rb": [
        null,
        null,
        null,
        null,
        null,
        null,
        null,
        null,
        null,
        null,
        null,
        null,
        null,
        null,
        null,
        null,
        null,
        null,
        null,
        null,
        null,
        null,
        null,
        null,
        null,
        null,
        null,
        null,
        null,
        null,
        null,
        null,
        1,
        1,
        null,
        1,
        1,
        null,
        1,
        0,
        0,
        0,
        null,
        null,
        null
      ],
      "/Users/mikey/roobee/ConOnRails/app/controllers/events_controller.rb": [
        1,
        null,
        1,
        1,
        null,
        1,
        1,
        1,
        1,
        null,
        1,
        1,
        null,
        1,
        null,
        null,
        null,
        1,
        11,
        11,
        11,
        null,
        null,
        1,
        6,
        6,
        6,
        12,
        6,
        null,
        null,
        null,
        1,
        2,
        2,
        2,
        4,
        2,
        null,
        null,
        null,
        1,
        12,
        12,
        12,
        null,
        null,
        1,
        100,
        100,
        100,
        null,
        null,
        null,
        null,
        null,
        1,
        12,
        null,
        null,
        null,
        null,
        null,
        1,
        11,
        11,
        11,
        null,
        null,
        1,
        4,
        4,
        4,
        4,
        null,
        4,
        null,
        null,
        null,
        null,
        1,
        null,
        null,
        8,
        8,
        null,
        8,
        6,
        null,
        2,
        null,
        null,
        8,
        null,
        null,
        1,
        4,
        4,
        4,
        4,
        null,
        0,
        null,
        null,
        null,
        1,
        null,
        1,
        23,
        null,
        null,
        1,
        8,
        8,
        null,
        null,
        1,
        10,
        6,
        null,
        null,
        1,
        6,
        null,
        null,
        1,
        24,
        null,
        null,
        1,
        20,
        null,
        null,
        null,
        null,
        1,
        8,
        null,
        null,
        1,
        4,
        null,
        null,
        null
      ],
      "/Users/mikey/roobee/ConOnRails/app/controllers/sessions_controller.rb": [
        1,
        1,
        null,
        1,
        1,
        8,
        null,
        null,
        1,
        null,
        1,
        7,
        null,
        null,
        1,
        7,
        7,
        6,
        6,
        null,
        1,
        1,
        null,
        7,
        null,
        null,
        1,
        1,
        1,
        null,
        1,
        1,
        null,
        null,
        1,
        1,
        2,
        0,
        0,
        null,
        null,
        null,
        1,
        null,
        1,
        6,
        6,
        6,
        6,
        null,
        null,
        1,
        1,
        null,
        null
      ],
      "/Users/mikey/roobee/ConOnRails/app/models/login_log.rb": [
        null,
        null,
        null,
        null,
        null,
        null,
        null,
        null,
        null,
        null,
        null,
        null,
        null,
        1,
        1,
        null
      ],
      "/Users/mikey/roobee/ConOnRails/app/controllers/lost_and_found_controller.rb": [
        1,
        1,
        null
      ],
      "/Users/mikey/roobee/ConOnRails/app/controllers/login_log_controller.rb": [
        1,
        1,
        null,
        1,
        1,
        null,
        null,
        null
      ],
      "/Users/mikey/roobee/ConOnRails/app/models/lost_and_found_item.rb": [
        null,
        null,
        null,
        null,
        null,
        null,
        null,
        null,
        null,
        null,
        null,
        null,
        null,
        null,
        null,
        null,
        null,
        null,
        null,
        null,
        null,
        null,
        1,
        1,
        null,
        1,
        null,
        1,
        null,
        null,
        null,
        null,
        null,
        null,
        null,
        null,
        null,
        null,
        null,
        null,
        null,
        null,
        null,
        null,
        null,
        null,
        null,
        null,
        null,
        1,
        0,
        null,
        null,
        1,
        1,
        11,
        null,
        1,
        1,
        null,
        null,
        null,
        null,
        1,
        1,
        null,
        null,
        1,
        1,
        1,
        null,
        null,
        null,
        null,
        1,
        1,
        null,
        1,
        15,
        null,
        null,
        1,
        49,
        46,
        30,
        null,
        null,
        1,
        4,
        4,
        4,
        null,
        null,
        1,
        90,
        4,
        4,
        null,
        null,
        null,
        1,
        null,
        null,
        84,
        84,
        null,
        null,
        1,
        50,
        0,
        null,
        null,
        null,
        1,
        29,
        0,
        null,
        null,
        null
      ],
      "/Users/mikey/roobee/ConOnRails/app/controllers/lost_and_found_items_controller.rb": [
        1,
        1,
        null,
        1,
        1,
        1,
        1,
        null,
        1,
        null,
        1,
        5,
        5,
        2,
        null,
        null,
        null,
        1,
        5,
        5,
        2,
        null,
        null,
        null,
        1,
        null,
        1,
        10,
        10,
        null,
        10,
        10,
        10,
        10,
        null,
        null,
        1,
        2,
        2,
        2,
        null,
        null,
        1,
        1,
        1,
        1,
        null,
        1,
        1,
        null,
        null,
        1,
        1,
        1,
        null,
        null,
        1,
        2,
        2,
        null,
        2,
        2,
        null,
        null,
        1,
        1,
        0,
        0,
        0,
        null,
        null,
        1,
        18,
        null,
        null,
        1,
        null,
        1,
        10,
        190,
        2,
        10,
        null,
        null,
        1,
        5,
        null,
        null,
        1,
        null,
        null,
        null,
        null,
        null,
        null,
        null,
        10,
        null,
        10,
        2,
        null,
        null,
        null,
        1,
        3,
        null,
        null,
        null,
        null
      ],
      "/Users/mikey/roobee/ConOnRails/app/controllers/messages_controller.rb": [
        1,
        1,
        null,
        1,
        1,
        null,
        null,
        null,
        1,
        1,
        null,
        null,
        null,
        null,
        1,
        1,
        1,
        1,
        1,
        null,
        null,
        null,
        null,
        1,
        2,
        2,
        null,
        null,
        null,
        null,
        1,
        1,
        1,
        null,
        null,
        1,
        null,
        1,
        5,
        null,
        null,
        1,
        1,
        1,
        null,
        null,
        1,
        3,
        null,
        null
      ],
      "/Users/mikey/roobee/ConOnRails/app/controllers/radio_admin_controller.rb": [
        1,
        null
      ],
      "/Users/mikey/roobee/ConOnRails/app/models/radio_assignment.rb": [
        null,
        null,
        null,
        null,
        null,
        null,
        null,
        null,
        null,
        null,
        null,
        null,
        1,
        1,
        null,
        29,
        2,
        2,
        null,
        null,
        null,
        null,
        1,
        1,
        null,
        1,
        1,
        1,
        null,
        1,
        1,
        1,
        30,
        1,
        1,
        null,
        1,
        19,
        null,
        null,
        1,
        1,
        1,
        1,
        1,
        1,
        1,
        null,
        1,
        null,
        null,
        1,
        1,
        1,
        1,
        1,
        1,
        null,
        null,
        null,
        1,
        null,
        null,
        null,
        5,
        5,
        null,
        5,
        null,
        null
      ],
      "/Users/mikey/roobee/ConOnRails/app/models/radio.rb": [
        null,
        null,
        null,
        null,
        null,
        null,
        null,
        null,
        null,
        null,
        null,
        null,
        null,
        null,
        1,
        1,
        null,
        1,
        1,
        null,
        1,
        1,
        1,
        1,
        null,
        3,
        3,
        null,
        1,
        1,
        null,
        null,
        null
      ],
      "/Users/mikey/roobee/ConOnRails/app/models/radio_assignment_audit.rb": [
        null,
        null,
        null,
        null,
        null,
        null,
        null,
        null,
        null,
        null,
        null,
        null,
        null,
        null,
        1,
        1,
        null,
        1,
        1,
        1,
        1,
        1,
        1,
        1,
        null,
        1,
        2,
        null,
        null,
        null,
        1,
        12,
        null,
        null,
        1,
        1,
        null,
        null,
        1,
        1,
        105,
        15,
        15,
        15,
        null,
        null
      ],
      "/Users/mikey/roobee/ConOnRails/app/controllers/radio_assignment_audits_controller.rb": [
        1,
        1,
        null,
        1,
        null,
        null,
        null,
        1,
        1,
        null,
        null
      ],
      "/Users/mikey/roobee/ConOnRails/app/controllers/radio_assignments_controller.rb": [
        1,
        1,
        1,
        null,
        1,
        1,
        null,
        null,
        null,
        1,
        1,
        1,
        1,
        2,
        null,
        0,
        null,
        null,
        null,
        null,
        1,
        5,
        5,
        5,
        6,
        null,
        4,
        null,
        null,
        null,
        null,
        null,
        1,
        1,
        null,
        1,
        2,
        1,
        null,
        null,
        null,
        1,
        null,
        1,
        7,
        null,
        null,
        1,
        6,
        null,
        null
      ],
      "/Users/mikey/roobee/ConOnRails/app/controllers/radio_groups_controller.rb": [
        1,
        1,
        null,
        1,
        1,
        1,
        null,
        null,
        null,
        null,
        1,
        1,
        1,
        null,
        null,
        1,
        0,
        null,
        null,
        null,
        null,
        1,
        1,
        null,
        null,
        null,
        null,
        1,
        1,
        1,
        1,
        null,
        null,
        null,
        null,
        1,
        1,
        1,
        null,
        null,
        null,
        null,
        1,
        1,
        1,
        null,
        null,
        1,
        null,
        1,
        4,
        null,
        null,
        1,
        2,
        null,
        null
      ],
      "/Users/mikey/roobee/ConOnRails/app/controllers/radios_controller.rb": [
        1,
        1,
        null,
        1,
        1,
        1,
        1,
        null,
        null,
        1,
        1,
        null,
        1,
        1,
        1,
        1,
        null,
        0,
        null,
        null,
        null,
        null,
        null,
        null,
        1,
        1,
        1,
        1,
        1,
        1,
        1,
        null,
        null,
        null,
        0,
        null,
        null,
        null,
        null,
        null,
        null,
        null,
        1,
        1,
        null,
        null,
        null,
        1,
        1,
        null,
        null,
        1,
        0,
        null,
        null,
        null,
        null,
        1,
        1,
        1,
        1,
        null,
        null,
        null,
        null,
        1,
        1,
        0,
        null,
        1,
        1,
        null,
        null,
        null,
        null,
        1,
        1,
        1,
        null,
        null,
        1,
        null,
        1,
        5,
        null,
        null,
        1,
        3,
        3,
        3,
        null,
        null,
        1,
        2,
        null,
        null,
        null
      ],
      "/Users/mikey/roobee/ConOnRails/app/controllers/roles_controller.rb": [
        1,
        1,
        null,
        1,
        1,
        1,
        null,
        null,
        null,
        1,
        1,
        null,
        null,
        null,
        null,
        1,
        2,
        2,
        2,
        null,
        null,
        null,
        null,
        1,
        2,
        2,
        null,
        null,
        null,
        null,
        1,
        1,
        1,
        null,
        null,
        1,
        null,
        1,
        5,
        null,
        null,
        1,
        1,
        null,
        null,
        1,
        16,
        7,
        null,
        null,
        null,
        1,
        4,
        null,
        null,
        null,
        null
      ],
      "/Users/mikey/roobee/ConOnRails/app/controllers/users_controller.rb": [
        1,
        1,
        null,
        1,
        1,
        1,
        null,
        null,
        null,
        1,
        1,
        1,
        null,
        1,
        0,
        null,
        null,
        null,
        null,
        null,
        1,
        null,
        3,
        null,
        3,
        1,
        1,
        null,
        2,
        null,
        3,
        3,
        null,
        null,
        null,
        null,
        1,
        3,
        1,
        null,
        null,
        3,
        null,
        null,
        null,
        null,
        1,
        1,
        1,
        null,
        null,
        1,
        null,
        1,
        6,
        null,
        null,
        1,
        1,
        1,
        null,
        null,
        1,
        18,
        7,
        null,
        null,
        null,
        1,
        2,
        2,
        1,
        null,
        null,
        null,
        1,
        6,
        null,
        null
      ],
      "/Users/mikey/roobee/ConOnRails/app/controllers/volunteers_controller.rb": [
        1,
        1,
        1,
        1,
        1,
        null,
        1,
        null,
        null,
        null,
        null,
        null,
        null,
        null,
        null,
        null,
        null,
        null,
        null,
        null,
        null,
        null,
        null,
        null,
        null,
        null,
        null,
        null,
        null,
        null,
        null,
        null,
        null,
        null,
        null,
        null,
        null,
        null,
        null,
        null,
        null,
        null,
        null,
        null,
        null,
        null,
        null,
        null,
        null,
        0,
        null,
        null,
        null,
        null,
        null,
        1,
        1,
        1,
        null,
        null,
        null,
        null,
        1,
        1,
        1,
        null,
        null,
        null,
        null,
        1,
        1,
        null,
        null,
        1,
        0,
        0,
        null,
        null,
        1,
        2,
        12,
        12,
        null,
        null,
        2,
        null,
        null,
        1,
        null,
        1,
        2,
        2,
        0,
        0,
        null,
        2,
        4,
        null,
        null,
        null,
        null,
        1,
        1,
        1,
        null,
        null,
        1,
        3,
        null,
        null,
        1,
        2,
        null,
        null,
        null,
        null,
        null,
        null
      ],
      "/Users/mikey/roobee/ConOnRails/app/controllers/vsps_controller.rb": [
        1,
        1,
        null,
        1,
        1,
        1,
        1,
        1,
        null,
        1,
        6,
        6,
        null,
        null,
        1,
        6,
        6,
        null,
        null,
        1,
        null,
        1,
        6,
        null,
        null,
        1,
        2,
        2,
        null,
        null,
        1,
        8,
        null,
        null,
        1,
        2,
        null,
        null,
        1,
        28,
        null,
        null,
        1,
        12,
        null,
        null
      ]
    },
    "timestamp": 1395865528
  }
}
